<?xml version="1.0" encoding="UTF-8"?>
<!-- Generated by org.testng.reporters.JUnitReportReporter -->
<testsuite skipped="0" hostname="Rahul-PC" name="com.qa.hubspot.test.LogInPageTest" tests="3" failures="0" timestamp="26 May 2020 14:37:38 GMT" time="8.497" errors="0">
  <testcase name="verifySignUpLinkTest" time="5.813" classname="com.qa.hubspot.test.LogInPageTest"/>
  <testcase name="verifyLogInPageTitleTest" time="0.021" classname="com.qa.hubspot.test.LogInPageTest"/>
  <testcase name="loginTest" time="2.663" classname="com.qa.hubspot.test.LogInPageTest"/>
</testsuite> <!-- com.qa.hubspot.test.LogInPageTest -->
