<?xml version="1.0" encoding="UTF-8"?>
<!-- Generated by org.testng.reporters.JUnitReportReporter -->
<testsuite skipped="0" hostname="Rahul-PC" name="com.qa.hubspot.test.HomePageTest" tests="3" failures="0" timestamp="31 May 2020 09:19:19 GMT" time="5.351" errors="0">
  <testcase name="verifyHomepageHeader" time="4.906" classname="com.qa.hubspot.test.HomePageTest"/>
  <testcase name="verifyreporttext" time="0.423" classname="com.qa.hubspot.test.HomePageTest"/>
  <testcase name="verifyHomepageTitle" time="0.022" classname="com.qa.hubspot.test.HomePageTest"/>
</testsuite> <!-- com.qa.hubspot.test.HomePageTest -->
